# JRE version: OpenJDK Runtime Environment (8.0_202-b03) (build 1.8.0_202-release-1483-b03)
# Java VM: OpenJDK 64-Bit Server VM (25.202-b03 mixed mode windows-amd64 compressed oops)
Heap:
 PSYoungGen      total 172032K, used 6267K [0x00000000e0000000, 0x00000000ec300000, 0x0000000100000000)
  eden space 153600K, 4% used [0x00000000e0000000,0x00000000e061edc8,0x00000000e9600000)
  from space 18432K, 0% used [0x00000000ea780000,0x00000000ea780000,0x00000000eb980000)
  to   space 17920K, 0% used [0x00000000e9600000,0x00000000e9600000,0x00000000ea780000)
 ParOldGen       total 155136K, used 36799K [0x00000000a0000000, 0x00000000a9780000, 0x00000000e0000000)
  object space 155136K, 23% used [0x00000000a0000000,0x00000000a23efea8,0x00000000a9780000)
 Metaspace       used 57253K, capacity 59226K, committed 59480K, reserved 1099776K
  class space    used 7850K, capacity 8323K, committed 8448K, reserved 1048576K
GC Heap History (10 events):
Event: 3.284 GC heap before
{Heap before GC invocations=11 (full 2):
 PSYoungGen      total 112640K, used 10324K [0x00000000e0000000, 0x00000000e9d80000, 0x0000000100000000)
  eden space 101376K, 0% used [0x00000000e0000000,0x00000000e0000000,0x00000000e6300000)
  from space 11264K, 91% used [0x00000000e6300000,0x00000000e6d15240,0x00000000e6e00000)
  to   space 12288K, 0% used [0x00000000e9180000,0x00000000e9180000,0x00000000e9d80000)
 ParOldGen       total 61440K, used 8649K [0x00000000a0000000, 0x00000000a3c00000, 0x00000000e0000000)
  object space 61440K, 14% used [0x00000000a0000000,0x00000000a0872488,0x00000000a3c00000)
 Metaspace       used 34585K, capacity 35420K, committed 35456K, reserved 1079296K
  class space    used 4774K, capacity 4960K, committed 4992K, reserved 1048576K
Event: 3.358 GC heap after
Heap after GC invocations=11 (full 2):
 PSYoungGen      total 112640K, used 0K [0x00000000e0000000, 0x00000000e9d80000, 0x0000000100000000)
  eden space 101376K, 0% used [0x00000000e0000000,0x00000000e0000000,0x00000000e6300000)
  from space 11264K, 0% used [0x00000000e6300000,0x00000000e6300000,0x00000000e6e00000)
  to   space 12288K, 0% used [0x00000000e9180000,0x00000000e9180000,0x00000000e9d80000)
 ParOldGen       total 98304K, used 17559K [0x00000000a0000000, 0x00000000a6000000, 0x00000000e0000000)
  object space 98304K, 17% used [0x00000000a0000000,0x00000000a1125f50,0x00000000a6000000)
 Metaspace       used 34585K, capacity 35420K, committed 35456K, reserved 1079296K
  class space    used 4774K, capacity 4960K, committed 4992K, reserved 1048576K
}
Event: 4.239 GC heap before
{Heap before GC invocations=12 (full 2):
 PSYoungGen      total 112640K, used 101376K [0x00000000e0000000, 0x00000000e9d80000, 0x0000000100000000)
  eden space 101376K, 100% used [0x00000000e0000000,0x00000000e6300000,0x00000000e6300000)
  from space 11264K, 0% used [0x00000000e6300000,0x00000000e6300000,0x00000000e6e00000)
  to   space 12288K, 0% used [0x00000000e9180000,0x00000000e9180000,0x00000000e9d80000)
 ParOldGen       total 98304K, used 17559K [0x00000000a0000000, 0x00000000a6000000, 0x00000000e0000000)
  object space 98304K, 17% used [0x00000000a0000000,0x00000000a1125f50,0x00000000a6000000)
 Metaspace       used 43794K, capacity 45008K, committed 45184K, reserved 1087488K
  class space    used 5941K, capacity 6243K, committed 6272K, reserved 1048576K
Event: 4.250 GC heap after
Heap after GC invocations=12 (full 2):
 PSYoungGen      total 136704K, used 12287K [0x00000000e0000000, 0x00000000e9d80000, 0x0000000100000000)
  eden space 124416K, 0% used [0x00000000e0000000,0x00000000e0000000,0x00000000e7980000)
  from space 12288K, 99% used [0x00000000e9180000,0x00000000e9d7fff0,0x00000000e9d80000)
  to   space 14336K, 0% used [0x00000000e8180000,0x00000000e8180000,0x00000000e8f80000)
 ParOldGen       total 98304K, used 19159K [0x00000000a0000000, 0x00000000a6000000, 0x00000000e0000000)
  object space 98304K, 19% used [0x00000000a0000000,0x00000000a12b5ee0,0x00000000a6000000)
 Metaspace       used 43794K, capacity 45008K, committed 45184K, reserved 1087488K
  class space    used 5941K, capacity 6243K, committed 6272K, reserved 1048576K
}
Event: 5.182 GC heap before
{Heap before GC invocations=13 (full 2):
 PSYoungGen      total 136704K, used 136703K [0x00000000e0000000, 0x00000000e9d80000, 0x0000000100000000)
  eden space 124416K, 100% used [0x00000000e0000000,0x00000000e7980000,0x00000000e7980000)
  from space 12288K, 99% used [0x00000000e9180000,0x00000000e9d7fff0,0x00000000e9d80000)
  to   space 14336K, 0% used [0x00000000e8180000,0x00000000e8180000,0x00000000e8f80000)
 ParOldGen       total 98304K, used 19159K [0x00000000a0000000, 0x00000000a6000000, 0x00000000e0000000)
  object space 98304K, 19% used [0x00000000a0000000,0x00000000a12b5ee0,0x00000000a6000000)
 Metaspace       used 52353K, capacity 54018K, committed 54144K, reserved 1095680K
  class space    used 7119K, capacity 7551K, committed 7552K, reserved 1048576K
Event: 5.200 GC heap after
Heap after GC invocations=13 (full 2):
 PSYoungGen      total 146944K, used 14324K [0x00000000e0000000, 0x00000000eb980000, 0x0000000100000000)
  eden space 132608K, 0% used [0x00000000e0000000,0x00000000e0000000,0x00000000e8180000)
  from space 14336K, 99% used [0x00000000e8180000,0x00000000e8f7d320,0x00000000e8f80000)
  to   space 18432K, 0% used [0x00000000ea780000,0x00000000ea780000,0x00000000eb980000)
 ParOldGen       total 98304K, used 26830K [0x00000000a0000000, 0x00000000a6000000, 0x00000000e0000000)
  object space 98304K, 27% used [0x00000000a0000000,0x00000000a1a338f8,0x00000000a6000000)
 Metaspace       used 52353K, capacity 54018K, committed 54144K, reserved 1095680K
  class space    used 7119K, capacity 7551K, committed 7552K, reserved 1048576K
}
Event: 6.067 GC heap before
{Heap before GC invocations=14 (full 2):
 PSYoungGen      total 146944K, used 105037K [0x00000000e0000000, 0x00000000eb980000, 0x0000000100000000)
  eden space 132608K, 68% used [0x00000000e0000000,0x00000000e5896438,0x00000000e8180000)
  from space 14336K, 99% used [0x00000000e8180000,0x00000000e8f7d320,0x00000000e8f80000)
  to   space 18432K, 0% used [0x00000000ea780000,0x00000000ea780000,0x00000000eb980000)
 ParOldGen       total 98304K, used 26830K [0x00000000a0000000, 0x00000000a6000000, 0x00000000e0000000)
  object space 98304K, 27% used [0x00000000a0000000,0x00000000a1a338f8,0x00000000a6000000)
 Metaspace       used 57081K, capacity 59044K, committed 59096K, reserved 1099776K
  class space    used 7824K, capacity 8288K, committed 8320K, reserved 1048576K
Event: 6.088 GC heap after
Heap after GC invocations=14 (full 2):
 PSYoungGen      total 172032K, used 7425K [0x00000000e0000000, 0x00000000ec300000, 0x0000000100000000)
  eden space 153600K, 0% used [0x00000000e0000000,0x00000000e0000000,0x00000000e9600000)
  from space 18432K, 40% used [0x00000000ea780000,0x00000000eaec0470,0x00000000eb980000)
  to   space 17920K, 0% used [0x00000000e9600000,0x00000000e9600000,0x00000000ea780000)
 ParOldGen       total 98304K, used 41147K [0x00000000a0000000, 0x00000000a6000000, 0x00000000e0000000)
  object space 98304K, 41% used [0x00000000a0000000,0x00000000a282ecd0,0x00000000a6000000)
 Metaspace       used 57081K, capacity 59044K, committed 59096K, reserved 1099776K
  class space    used 7824K, capacity 8288K, committed 8320K, reserved 1048576K
}
Event: 6.088 GC heap before
{Heap before GC invocations=15 (full 3):
 PSYoungGen      total 172032K, used 7425K [0x00000000e0000000, 0x00000000ec300000, 0x0000000100000000)
  eden space 153600K, 0% used [0x00000000e0000000,0x00000000e0000000,0x00000000e9600000)
  from space 18432K, 40% used [0x00000000ea780000,0x00000000eaec0470,0x00000000eb980000)
  to   space 17920K, 0% used [0x00000000e9600000,0x00000000e9600000,0x00000000ea780000)
 ParOldGen       total 98304K, used 41147K [0x00000000a0000000, 0x00000000a6000000, 0x00000000e0000000)
  object space 98304K, 41% used [0x00000000a0000000,0x00000000a282ecd0,0x00000000a6000000)
 Metaspace       used 57081K, capacity 59044K, committed 59096K, reserved 1099776K
  class space    used 7824K, capacity 8288K, committed 8320K, reserved 1048576K
Event: 6.277 GC heap after
Heap after GC invocations=15 (full 3):
 PSYoungGen      total 172032K, used 0K [0x00000000e0000000, 0x00000000ec300000, 0x0000000100000000)
  eden space 153600K, 0% used [0x00000000e0000000,0x00000000e0000000,0x00000000e9600000)
  from space 18432K, 0% used [0x00000000ea780000,0x00000000ea780000,0x00000000eb980000)
  to   space 17920K, 0% used [0x00000000e9600000,0x00000000e9600000,0x00000000ea780000)
 ParOldGen       total 155136K, used 36799K [0x00000000a0000000, 0x00000000a9780000, 0x00000000e0000000)
  object space 155136K, 23% used [0x00000000a0000000,0x00000000a23efea8,0x00000000a9780000)
 Metaspace       used 57081K, capacity 59044K, committed 59096K, reserved 1099776K
  class space    used 7824K, capacity 8288K, committed 8320K, reserved 1048576K
}

