# JRE version: OpenJDK Runtime Environment (8.0_202-b03) (build 1.8.0_202-release-1483-b03)
# Java VM: OpenJDK 64-Bit Server VM (25.202-b03 mixed mode windows-amd64 compressed oops)
Heap:
 PSYoungGen      total 380928K, used 265807K [0x00000000e0000000, 0x00000000ff980000, 0x0000000100000000)
  eden space 245248K, 84% used [0x00000000e0000000,0x00000000ecb45b48,0x00000000eef80000)
  from space 135680K, 42% used [0x00000000f7500000,0x00000000fad4e3e0,0x00000000ff980000)
  to   space 136192K, 0% used [0x00000000eef80000,0x00000000eef80000,0x00000000f7480000)
 ParOldGen       total 541184K, used 240382K [0x00000000a0000000, 0x00000000c1080000, 0x00000000e0000000)
  object space 541184K, 44% used [0x00000000a0000000,0x00000000aeabf948,0x00000000c1080000)
 Metaspace       used 160546K, capacity 168458K, committed 169472K, reserved 1198080K
  class space    used 19161K, capacity 20494K, committed 21504K, reserved 1048576K
GC Heap History (10 events):
Event: 5813.187 GC heap before
{Heap before GC invocations=136 (full 13):
 PSYoungGen      total 357376K, used 236749K [0x00000000e0000000, 0x00000000ff300000, 0x0000000100000000)
  eden space 225280K, 100% used [0x00000000e0000000,0x00000000edc00000,0x00000000edc00000)
  from space 132096K, 8% used [0x00000000f7200000,0x00000000f7d33470,0x00000000ff300000)
  to   space 142848K, 0% used [0x00000000edc00000,0x00000000edc00000,0x00000000f6780000)
 ParOldGen       total 527360K, used 378621K [0x00000000a0000000, 0x00000000c0300000, 0x00000000e0000000)
  object space 527360K, 71% used [0x00000000a0000000,0x00000000b71bf720,0x00000000c0300000)
 Metaspace       used 153957K, capacity 161546K, committed 168064K, reserved 1196032K
  class space    used 18432K, capacity 19720K, committed 21376K, reserved 1048576K
Event: 5813.359 GC heap after
Heap after GC invocations=136 (full 13):
 PSYoungGen      total 368128K, used 10208K [0x00000000e0000000, 0x0000000100000000, 0x0000000100000000)
  eden space 225280K, 0% used [0x00000000e0000000,0x00000000e0000000,0x00000000edc00000)
  from space 142848K, 7% used [0x00000000edc00000,0x00000000ee5f8080,0x00000000f6780000)
  to   space 139776K, 0% used [0x00000000f7780000,0x00000000f7780000,0x0000000100000000)
 ParOldGen       total 527360K, used 387714K [0x00000000a0000000, 0x00000000c0300000, 0x00000000e0000000)
  object space 527360K, 73% used [0x00000000a0000000,0x00000000b7aa0878,0x00000000c0300000)
 Metaspace       used 153957K, capacity 161546K, committed 168064K, reserved 1196032K
  class space    used 18432K, capacity 19720K, committed 21376K, reserved 1048576K
}
Event: 5815.191 GC heap before
{Heap before GC invocations=137 (full 13):
 PSYoungGen      total 368128K, used 235488K [0x00000000e0000000, 0x0000000100000000, 0x0000000100000000)
  eden space 225280K, 100% used [0x00000000e0000000,0x00000000edc00000,0x00000000edc00000)
  from space 142848K, 7% used [0x00000000edc00000,0x00000000ee5f8080,0x00000000f6780000)
  to   space 139776K, 0% used [0x00000000f7780000,0x00000000f7780000,0x0000000100000000)
 ParOldGen       total 527360K, used 387714K [0x00000000a0000000, 0x00000000c0300000, 0x00000000e0000000)
  object space 527360K, 73% used [0x00000000a0000000,0x00000000b7aa0878,0x00000000c0300000)
 Metaspace       used 154270K, capacity 162124K, committed 168320K, reserved 1196032K
  class space    used 18479K, capacity 19817K, committed 21376K, reserved 1048576K
Event: 5815.271 GC heap after
Heap after GC invocations=137 (full 13):
 PSYoungGen      total 372224K, used 61619K [0x00000000e0000000, 0x00000000ff700000, 0x0000000100000000)
  eden space 241664K, 0% used [0x00000000e0000000,0x00000000e0000000,0x00000000eec00000)
  from space 130560K, 47% used [0x00000000f7780000,0x00000000fb3acd60,0x00000000ff700000)
  to   space 136704K, 0% used [0x00000000eec00000,0x00000000eec00000,0x00000000f7180000)
 ParOldGen       total 527360K, used 397219K [0x00000000a0000000, 0x00000000c0300000, 0x00000000e0000000)
  object space 527360K, 75% used [0x00000000a0000000,0x00000000b83e8ce8,0x00000000c0300000)
 Metaspace       used 154270K, capacity 162124K, committed 168320K, reserved 1196032K
  class space    used 18479K, capacity 19817K, committed 21376K, reserved 1048576K
}
Event: 5816.293 GC heap before
{Heap before GC invocations=138 (full 13):
 PSYoungGen      total 372224K, used 303283K [0x00000000e0000000, 0x00000000ff700000, 0x0000000100000000)
  eden space 241664K, 100% used [0x00000000e0000000,0x00000000eec00000,0x00000000eec00000)
  from space 130560K, 47% used [0x00000000f7780000,0x00000000fb3acd60,0x00000000ff700000)
  to   space 136704K, 0% used [0x00000000eec00000,0x00000000eec00000,0x00000000f7180000)
 ParOldGen       total 527360K, used 397219K [0x00000000a0000000, 0x00000000c0300000, 0x00000000e0000000)
  object space 527360K, 75% used [0x00000000a0000000,0x00000000b83e8ce8,0x00000000c0300000)
 Metaspace       used 160510K, capacity 168392K, committed 169472K, reserved 1198080K
  class space    used 19153K, capacity 20483K, committed 21504K, reserved 1048576K
Event: 5816.478 GC heap after
Heap after GC invocations=138 (full 13):
 PSYoungGen      total 378368K, used 85474K [0x00000000e0000000, 0x0000000100000000, 0x0000000100000000)
  eden space 241664K, 0% used [0x00000000e0000000,0x00000000e0000000,0x00000000eec00000)
  from space 136704K, 62% used [0x00000000eec00000,0x00000000f3f78918,0x00000000f7180000)
  to   space 142336K, 0% used [0x00000000f7500000,0x00000000f7500000,0x0000000100000000)
 ParOldGen       total 527360K, used 457817K [0x00000000a0000000, 0x00000000c0300000, 0x00000000e0000000)
  object space 527360K, 86% used [0x00000000a0000000,0x00000000bbf164c0,0x00000000c0300000)
 Metaspace       used 160510K, capacity 168392K, committed 169472K, reserved 1198080K
  class space    used 19153K, capacity 20483K, committed 21504K, reserved 1048576K
}
Event: 5816.478 GC heap before
{Heap before GC invocations=139 (full 14):
 PSYoungGen      total 378368K, used 85474K [0x00000000e0000000, 0x0000000100000000, 0x0000000100000000)
  eden space 241664K, 0% used [0x00000000e0000000,0x00000000e0000000,0x00000000eec00000)
  from space 136704K, 62% used [0x00000000eec00000,0x00000000f3f78918,0x00000000f7180000)
  to   space 142336K, 0% used [0x00000000f7500000,0x00000000f7500000,0x0000000100000000)
 ParOldGen       total 527360K, used 457817K [0x00000000a0000000, 0x00000000c0300000, 0x00000000e0000000)
  object space 527360K, 86% used [0x00000000a0000000,0x00000000bbf164c0,0x00000000c0300000)
 Metaspace       used 160510K, capacity 168392K, committed 169472K, reserved 1198080K
  class space    used 19153K, capacity 20483K, committed 21504K, reserved 1048576K
Event: 5817.564 GC heap after
Heap after GC invocations=139 (full 14):
 PSYoungGen      total 378368K, used 0K [0x00000000e0000000, 0x0000000100000000, 0x0000000100000000)
  eden space 241664K, 0% used [0x00000000e0000000,0x00000000e0000000,0x00000000eec00000)
  from space 136704K, 0% used [0x00000000eec00000,0x00000000eec00000,0x00000000f7180000)
  to   space 142336K, 0% used [0x00000000f7500000,0x00000000f7500000,0x0000000100000000)
 ParOldGen       total 541184K, used 240382K [0x00000000a0000000, 0x00000000c1080000, 0x00000000e0000000)
  object space 541184K, 44% used [0x00000000a0000000,0x00000000aeabf948,0x00000000c1080000)
 Metaspace       used 160502K, capacity 168380K, committed 169472K, reserved 1198080K
  class space    used 19152K, capacity 20481K, committed 21504K, reserved 1048576K
}
Event: 5818.823 GC heap before
{Heap before GC invocations=140 (full 14):
 PSYoungGen      total 378368K, used 241664K [0x00000000e0000000, 0x0000000100000000, 0x0000000100000000)
  eden space 241664K, 100% used [0x00000000e0000000,0x00000000eec00000,0x00000000eec00000)
  from space 136704K, 0% used [0x00000000eec00000,0x00000000eec00000,0x00000000f7180000)
  to   space 142336K, 0% used [0x00000000f7500000,0x00000000f7500000,0x0000000100000000)
 ParOldGen       total 541184K, used 240382K [0x00000000a0000000, 0x00000000c1080000, 0x00000000e0000000)
  object space 541184K, 44% used [0x00000000a0000000,0x00000000aeabf948,0x00000000c1080000)
 Metaspace       used 160515K, capacity 168380K, committed 169472K, reserved 1198080K
  class space    used 19152K, capacity 20481K, committed 21504K, reserved 1048576K
Event: 5818.855 GC heap after
Heap after GC invocations=140 (full 14):
 PSYoungGen      total 380928K, used 57656K [0x00000000e0000000, 0x00000000ff980000, 0x0000000100000000)
  eden space 245248K, 0% used [0x00000000e0000000,0x00000000e0000000,0x00000000eef80000)
  from space 135680K, 42% used [0x00000000f7500000,0x00000000fad4e3e0,0x00000000ff980000)
  to   space 136192K, 0% used [0x00000000eef80000,0x00000000eef80000,0x00000000f7480000)
 ParOldGen       total 541184K, used 240382K [0x00000000a0000000, 0x00000000c1080000, 0x00000000e0000000)
  object space 541184K, 44% used [0x00000000a0000000,0x00000000aeabf948,0x00000000c1080000)
 Metaspace       used 160515K, capacity 168380K, committed 169472K, reserved 1198080K
  class space    used 19152K, capacity 20481K, committed 21504K, reserved 1048576K
}

